24-09-2023 02:07:22
GlazeWM.Infrastructure.Exceptions.FatalUserException: Failed to parse user config. Invalid component type 'cpu'.
   at GlazeWM.Domain.UserConfigs.CommandHandlers.EvaluateUserConfigHandler.DeserializeUserConfig(String userConfigPath) in C:\Users\larsb\repos\GlazeWM\GlazeWM.Domain\UserConfigs\CommandHandlers\EvaluateUserConfigHandler.cs:line 112
   at GlazeWM.Domain.UserConfigs.CommandHandlers.EvaluateUserConfigHandler.Handle(EvaluateUserConfigCommand command) in C:\Users\larsb\repos\GlazeWM\GlazeWM.Domain\UserConfigs\CommandHandlers\EvaluateUserConfigHandler.cs:line 53
   at GlazeWM.Infrastructure.Bussing.Bus.Invoke[T](T command) in C:\Users\larsb\repos\GlazeWM\GlazeWM.Infrastructure\Bussing\Bus.cs:line 41
   at GlazeWM.Domain.Common.CommandHandlers.PopulateInitialStateHandler.Handle(PopulateInitialStateCommand command) in C:\Users\larsb\repos\GlazeWM\GlazeWM.Domain\Common\CommandHandlers\PopulateInitialStateHandler.cs:line 38
   at GlazeWM.Infrastructure.Bussing.Bus.Invoke[T](T command) in C:\Users\larsb\repos\GlazeWM\GlazeWM.Infrastructure\Bussing\Bus.cs:line 41
   at GlazeWM.Bootstrapper.Startup.Run() in C:\Users\larsb\repos\GlazeWM\GlazeWM.Bootstrapper\Startup.cs:line 57
Command history: HandleFatalExceptionCommand, EvaluateUserConfigCommand, PopulateInitialStateCommand 
State dump: {"X":0,"Y":0,"Width":0,"Height":0,"__type":"RootContainer","FocusIndex":0,"Children":[]}

24-09-2023 02:09:14
GlazeWM.Infrastructure.Exceptions.FatalUserException: Failed to parse user config. At least 1 matching regex (eg. 'match_process_name') is required in window rule config.
   at GlazeWM.Domain.UserConfigs.CommandHandlers.EvaluateUserConfigHandler.ValidateDeserializedConfig(UserConfig deserializedConfig) in C:\Users\larsb\repos\GlazeWM\GlazeWM.Domain\UserConfigs\CommandHandlers\EvaluateUserConfigHandler.cs:line 209
   at GlazeWM.Domain.UserConfigs.CommandHandlers.EvaluateUserConfigHandler.Handle(EvaluateUserConfigCommand command) in C:\Users\larsb\repos\GlazeWM\GlazeWM.Domain\UserConfigs\CommandHandlers\EvaluateUserConfigHandler.cs:line 58
   at GlazeWM.Infrastructure.Bussing.Bus.Invoke[T](T command) in C:\Users\larsb\repos\GlazeWM\GlazeWM.Infrastructure\Bussing\Bus.cs:line 41
   at GlazeWM.Domain.Common.CommandHandlers.PopulateInitialStateHandler.Handle(PopulateInitialStateCommand command) in C:\Users\larsb\repos\GlazeWM\GlazeWM.Domain\Common\CommandHandlers\PopulateInitialStateHandler.cs:line 41
   at GlazeWM.Infrastructure.Bussing.Bus.Invoke[T](T command) in C:\Users\larsb\repos\GlazeWM\GlazeWM.Infrastructure\Bussing\Bus.cs:line 41
   at GlazeWM.App.WindowManager.WmStartup.Run()
Command history: HandleFatalExceptionCommand, EvaluateUserConfigCommand, PopulateInitialStateCommand 
State dump: {"id":"42bc5a90-b3e8-48e6-85f6-7b65b32d9c00","x":0,"y":0,"width":0,"height":0,"type":"root","focus_index":0,"children":[]}

24-09-2023 02:09:27
GlazeWM.Infrastructure.Exceptions.FatalUserException: Failed to parse user config. At least 1 matching regex (eg. 'match_process_name') is required in window rule config.
   at GlazeWM.Domain.UserConfigs.CommandHandlers.EvaluateUserConfigHandler.ValidateDeserializedConfig(UserConfig deserializedConfig) in C:\Users\larsb\repos\GlazeWM\GlazeWM.Domain\UserConfigs\CommandHandlers\EvaluateUserConfigHandler.cs:line 209
   at GlazeWM.Domain.UserConfigs.CommandHandlers.EvaluateUserConfigHandler.Handle(EvaluateUserConfigCommand command) in C:\Users\larsb\repos\GlazeWM\GlazeWM.Domain\UserConfigs\CommandHandlers\EvaluateUserConfigHandler.cs:line 58
   at GlazeWM.Infrastructure.Bussing.Bus.Invoke[T](T command) in C:\Users\larsb\repos\GlazeWM\GlazeWM.Infrastructure\Bussing\Bus.cs:line 41
   at GlazeWM.Domain.Common.CommandHandlers.PopulateInitialStateHandler.Handle(PopulateInitialStateCommand command) in C:\Users\larsb\repos\GlazeWM\GlazeWM.Domain\Common\CommandHandlers\PopulateInitialStateHandler.cs:line 41
   at GlazeWM.Infrastructure.Bussing.Bus.Invoke[T](T command) in C:\Users\larsb\repos\GlazeWM\GlazeWM.Infrastructure\Bussing\Bus.cs:line 41
   at GlazeWM.App.WindowManager.WmStartup.Run()
Command history: HandleFatalExceptionCommand, EvaluateUserConfigCommand, PopulateInitialStateCommand 
State dump: {"id":"5917edbd-f66b-4d26-b5f0-3b7a19a543e6","x":0,"y":0,"width":0,"height":0,"type":"root","focus_index":0,"children":[]}

24-09-2023 02:09:52
GlazeWM.Infrastructure.Exceptions.FatalUserException: Failed to parse user config. At least 1 matching regex (eg. 'match_process_name') is required in window rule config.
   at GlazeWM.Domain.UserConfigs.CommandHandlers.EvaluateUserConfigHandler.ValidateDeserializedConfig(UserConfig deserializedConfig) in C:\Users\larsb\repos\GlazeWM\GlazeWM.Domain\UserConfigs\CommandHandlers\EvaluateUserConfigHandler.cs:line 209
   at GlazeWM.Domain.UserConfigs.CommandHandlers.EvaluateUserConfigHandler.Handle(EvaluateUserConfigCommand command) in C:\Users\larsb\repos\GlazeWM\GlazeWM.Domain\UserConfigs\CommandHandlers\EvaluateUserConfigHandler.cs:line 58
   at GlazeWM.Infrastructure.Bussing.Bus.Invoke[T](T command) in C:\Users\larsb\repos\GlazeWM\GlazeWM.Infrastructure\Bussing\Bus.cs:line 41
   at GlazeWM.Domain.Common.CommandHandlers.PopulateInitialStateHandler.Handle(PopulateInitialStateCommand command) in C:\Users\larsb\repos\GlazeWM\GlazeWM.Domain\Common\CommandHandlers\PopulateInitialStateHandler.cs:line 41
   at GlazeWM.Infrastructure.Bussing.Bus.Invoke[T](T command) in C:\Users\larsb\repos\GlazeWM\GlazeWM.Infrastructure\Bussing\Bus.cs:line 41
   at GlazeWM.App.WindowManager.WmStartup.Run()
Command history: HandleFatalExceptionCommand, EvaluateUserConfigCommand, PopulateInitialStateCommand 
State dump: {"id":"997ca3b8-a8a1-4e42-a590-7db66f353f93","x":0,"y":0,"width":0,"height":0,"type":"root","focus_index":0,"children":[]}

24-09-2023 02:10:27
GlazeWM.Infrastructure.Exceptions.FatalUserException: Failed to parse user config. At least 1 matching regex (eg. 'match_process_name') is required in window rule config.
   at GlazeWM.Domain.UserConfigs.CommandHandlers.EvaluateUserConfigHandler.ValidateDeserializedConfig(UserConfig deserializedConfig) in C:\Users\larsb\repos\GlazeWM\GlazeWM.Domain\UserConfigs\CommandHandlers\EvaluateUserConfigHandler.cs:line 209
   at GlazeWM.Domain.UserConfigs.CommandHandlers.EvaluateUserConfigHandler.Handle(EvaluateUserConfigCommand command) in C:\Users\larsb\repos\GlazeWM\GlazeWM.Domain\UserConfigs\CommandHandlers\EvaluateUserConfigHandler.cs:line 58
   at GlazeWM.Infrastructure.Bussing.Bus.Invoke[T](T command) in C:\Users\larsb\repos\GlazeWM\GlazeWM.Infrastructure\Bussing\Bus.cs:line 41
   at GlazeWM.Domain.Common.CommandHandlers.PopulateInitialStateHandler.Handle(PopulateInitialStateCommand command) in C:\Users\larsb\repos\GlazeWM\GlazeWM.Domain\Common\CommandHandlers\PopulateInitialStateHandler.cs:line 41
   at GlazeWM.Infrastructure.Bussing.Bus.Invoke[T](T command) in C:\Users\larsb\repos\GlazeWM\GlazeWM.Infrastructure\Bussing\Bus.cs:line 41
   at GlazeWM.App.WindowManager.WmStartup.Run()
Command history: HandleFatalExceptionCommand, EvaluateUserConfigCommand, PopulateInitialStateCommand 
State dump: {"id":"3c2baa7d-6374-4e40-a45d-874b55210485","x":0,"y":0,"width":0,"height":0,"type":"root","focus_index":0,"children":[]}

24-09-2023 02:10:44
GlazeWM.Infrastructure.Exceptions.FatalUserException: Failed to parse user config. At least 1 matching regex (eg. 'match_process_name') is required in window rule config.
   at GlazeWM.Domain.UserConfigs.CommandHandlers.EvaluateUserConfigHandler.ValidateDeserializedConfig(UserConfig deserializedConfig) in C:\Users\larsb\repos\GlazeWM\GlazeWM.Domain\UserConfigs\CommandHandlers\EvaluateUserConfigHandler.cs:line 209
   at GlazeWM.Domain.UserConfigs.CommandHandlers.EvaluateUserConfigHandler.Handle(EvaluateUserConfigCommand command) in C:\Users\larsb\repos\GlazeWM\GlazeWM.Domain\UserConfigs\CommandHandlers\EvaluateUserConfigHandler.cs:line 58
   at GlazeWM.Infrastructure.Bussing.Bus.Invoke[T](T command) in C:\Users\larsb\repos\GlazeWM\GlazeWM.Infrastructure\Bussing\Bus.cs:line 41
   at GlazeWM.Domain.Common.CommandHandlers.PopulateInitialStateHandler.Handle(PopulateInitialStateCommand command) in C:\Users\larsb\repos\GlazeWM\GlazeWM.Domain\Common\CommandHandlers\PopulateInitialStateHandler.cs:line 41
   at GlazeWM.Infrastructure.Bussing.Bus.Invoke[T](T command) in C:\Users\larsb\repos\GlazeWM\GlazeWM.Infrastructure\Bussing\Bus.cs:line 41
   at GlazeWM.App.WindowManager.WmStartup.Run()
Command history: HandleFatalExceptionCommand, EvaluateUserConfigCommand, PopulateInitialStateCommand 
State dump: {"id":"60f05753-aab8-477f-a2ab-9605dc484be6","x":0,"y":0,"width":0,"height":0,"type":"root","focus_index":0,"children":[]}

24-09-2023 02:15:58
GlazeWM.Infrastructure.Exceptions.FatalUserException: Failed to parse user config. At least 1 matching regex (eg. 'match_process_name') is required in window rule config.
   at GlazeWM.Domain.UserConfigs.CommandHandlers.EvaluateUserConfigHandler.ValidateDeserializedConfig(UserConfig deserializedConfig) in C:\Users\larsb\repos\GlazeWM\GlazeWM.Domain\UserConfigs\CommandHandlers\EvaluateUserConfigHandler.cs:line 209
   at GlazeWM.Domain.UserConfigs.CommandHandlers.EvaluateUserConfigHandler.Handle(EvaluateUserConfigCommand command) in C:\Users\larsb\repos\GlazeWM\GlazeWM.Domain\UserConfigs\CommandHandlers\EvaluateUserConfigHandler.cs:line 58
   at GlazeWM.Infrastructure.Bussing.Bus.Invoke[T](T command) in C:\Users\larsb\repos\GlazeWM\GlazeWM.Infrastructure\Bussing\Bus.cs:line 41
   at GlazeWM.Domain.Common.CommandHandlers.PopulateInitialStateHandler.Handle(PopulateInitialStateCommand command) in C:\Users\larsb\repos\GlazeWM\GlazeWM.Domain\Common\CommandHandlers\PopulateInitialStateHandler.cs:line 41
   at GlazeWM.Infrastructure.Bussing.Bus.Invoke[T](T command) in C:\Users\larsb\repos\GlazeWM\GlazeWM.Infrastructure\Bussing\Bus.cs:line 41
   at GlazeWM.App.WindowManager.WmStartup.Run()
Command history: HandleFatalExceptionCommand, EvaluateUserConfigCommand, PopulateInitialStateCommand 
State dump: {"id":"4ef5a8e3-6735-422b-a0ab-bf313f8418dc","x":0,"y":0,"width":0,"height":0,"type":"root","focus_index":0,"children":[]}

24-09-2023 02:44:35
GlazeWM.Infrastructure.Exceptions.FatalUserException: Failed to parse user config. (Line: 58, Col: 5, Idx: 1619) - (Line: 58, Col: 5, Idx: 1619): While scanning a simple key, could not find expected ':'.
   at GlazeWM.Domain.UserConfigs.CommandHandlers.EvaluateUserConfigHandler.DeserializeUserConfig(String userConfigPath) in C:\Users\larsb\repos\GlazeWM\GlazeWM.Domain\UserConfigs\CommandHandlers\EvaluateUserConfigHandler.cs:line 109
   at GlazeWM.Domain.UserConfigs.CommandHandlers.EvaluateUserConfigHandler.Handle(EvaluateUserConfigCommand command) in C:\Users\larsb\repos\GlazeWM\GlazeWM.Domain\UserConfigs\CommandHandlers\EvaluateUserConfigHandler.cs:line 63
   at GlazeWM.Infrastructure.Bussing.Bus.Invoke[T](T command) in C:\Users\larsb\repos\GlazeWM\GlazeWM.Infrastructure\Bussing\Bus.cs:line 48
   at GlazeWM.Domain.UserConfigs.CommandHandlers.ReloadUserConfigHandler.Handle(ReloadUserConfigCommand command) in C:\Users\larsb\repos\GlazeWM\GlazeWM.Domain\UserConfigs\CommandHandlers\ReloadUserConfigHandler.cs:line 55
   at GlazeWM.Infrastructure.Bussing.Bus.Invoke[T](T command) in C:\Users\larsb\repos\GlazeWM\GlazeWM.Infrastructure\Bussing\Bus.cs:line 48
   at CallSite.Target(Closure, CallSite, Bus, Object)
   at System.Dynamic.UpdateDelegates.UpdateAndExecuteVoid2[T0,T1](CallSite site, T0 arg0, T1 arg1)
   at GlazeWM.Domain.UserConfigs.CommandHandlers.RunWithSubjectContainerHandler.Handle(RunWithSubjectContainerCommand command) in C:\Users\larsb\repos\GlazeWM\GlazeWM.Domain\UserConfigs\CommandHandlers\RunWithSubjectContainerHandler.cs:line 28
   at GlazeWM.Infrastructure.Bussing.Bus.Invoke[T](T command) in C:\Users\larsb\repos\GlazeWM\GlazeWM.Infrastructure\Bussing\Bus.cs:line 48
   at GlazeWM.Domain.UserConfigs.CommandHandlers.RegisterKeybindingsHandler.<>c__DisplayClass4_0.<Handle>b__1() in C:\Users\larsb\repos\GlazeWM\GlazeWM.Domain\UserConfigs\CommandHandlers\RegisterKeybindingsHandler.cs:line 63
Command history: HandleFatalExceptionCommand, EvaluateUserConfigCommand, ReloadUserConfigCommand, RunWithSubjectContainerCommand, SyncNativeFocusCommand, RedrawContainersCommand, FocusInDirectionCommand, RunWithSubjectContainerCommand, SyncNativeFocusCommand, RedrawContainersCommand, RunWithSubjectContainerCommand, ResizeWindowBordersCommand, RunWithSubjectContainerCommand, RunWithSubjectContainerCommand, ResizeWindowBordersCommand 
State dump: {"id":"eb658745-a395-4a43-a881-536926e5cc6e","x":0,"y":0,"width":0,"height":0,"type":"root","focus_index":0,"children":[{"device_name":"\\\\.\\DISPLAY1","id":"818585e9-0e07-4635-bed7-6a29766c5f26","x":0,"y":0,"width":1920,"height":1042,"type":"monitor","focus_index":0,"children":[{"tiling_direction":"horizontal","size_percentage":1,"name":"1","id":"7132db72-af0c-4a49-b5c4-198f4e38a20a","x":0,"y":0,"width":1920,"height":1017,"type":"workspace","focus_index":1,"children":[{"floating_placement":{"left":0,"top":0,"right":1920,"bottom":1017,"x":0,"y":0,"width":1920,"height":1017},"border_delta":{"left":0,"top":0,"right":0,"bottom":0},"handle":264394,"size_percentage":0.5,"id":"38a40f88-5e6e-4630-a4be-ffa72442620a","x":0,"y":0,"width":960,"height":1017,"type":"window","focus_index":1,"children":[]},{"floating_placement":{"left":0,"top":0,"right":1920,"bottom":1017,"x":0,"y":0,"width":1920,"height":1017},"border_delta":{"left":7,"top":0,"right":7,"bottom":7},"handle":854190,"size_percentage":0.5,"id":"2da94253-1d97-4d25-8389-34b9730863f4","x":960,"y":0,"width":960,"height":1017,"type":"window","focus_index":0,"children":[]}]},{"tiling_direction":"horizontal","size_percentage":1,"name":"2","id":"667f5e2d-1620-48eb-94c2-0298dae251c0","x":0,"y":0,"width":1920,"height":1017,"type":"workspace","focus_index":0,"children":[{"floating_placement":{"left":0,"top":0,"right":1920,"bottom":1017,"x":0,"y":0,"width":1920,"height":1017},"border_delta":{"left":0,"top":0,"right":0,"bottom":0},"handle":198344,"size_percentage":0.5,"id":"6b533ef2-a699-44a7-9baa-8e3c936ebe39","x":0,"y":0,"width":960,"height":1017,"type":"window","focus_index":0,"children":[]},{"floating_placement":{"left":473,"top":-4,"right":1447,"bottom":1021,"x":473,"y":-4,"width":974,"height":1025},"border_delta":{"left":7,"top":0,"right":7,"bottom":7},"handle":1639492,"size_percentage":0.5,"id":"071ec863-32d4-450a-9395-d7b371f04a36","x":960,"y":0,"width":960,"height":1017,"type":"window","focus_index":1,"children":[]}]}]}]}

24-09-2023 02:45:38
GlazeWM.Infrastructure.Exceptions.FatalUserException: Failed to parse user config. (Line: 54, Col: 5, Idx: 1499) - (Line: 54, Col: 6, Idx: 1500): While parsing a block mapping, did not find expected key.
   at GlazeWM.Domain.UserConfigs.CommandHandlers.EvaluateUserConfigHandler.DeserializeUserConfig(String userConfigPath) in C:\Users\larsb\repos\GlazeWM\GlazeWM.Domain\UserConfigs\CommandHandlers\EvaluateUserConfigHandler.cs:line 109
   at GlazeWM.Domain.UserConfigs.CommandHandlers.EvaluateUserConfigHandler.Handle(EvaluateUserConfigCommand command) in C:\Users\larsb\repos\GlazeWM\GlazeWM.Domain\UserConfigs\CommandHandlers\EvaluateUserConfigHandler.cs:line 49
   at GlazeWM.Infrastructure.Bussing.Bus.Invoke[T](T command) in C:\Users\larsb\repos\GlazeWM\GlazeWM.Infrastructure\Bussing\Bus.cs:line 48
   at GlazeWM.Domain.UserConfigs.CommandHandlers.ReloadUserConfigHandler.Handle(ReloadUserConfigCommand command) in C:\Users\larsb\repos\GlazeWM\GlazeWM.Domain\UserConfigs\CommandHandlers\ReloadUserConfigHandler.cs:line 35
   at GlazeWM.Infrastructure.Bussing.Bus.Invoke[T](T command) in C:\Users\larsb\repos\GlazeWM\GlazeWM.Infrastructure\Bussing\Bus.cs:line 48
   at CallSite.Target(Closure, CallSite, Bus, Object)
   at System.Dynamic.UpdateDelegates.UpdateAndExecuteVoid2[T0,T1](CallSite site, T0 arg0, T1 arg1)
   at GlazeWM.Domain.UserConfigs.CommandHandlers.RunWithSubjectContainerHandler.Handle(RunWithSubjectContainerCommand command) in C:\Users\larsb\repos\GlazeWM\GlazeWM.Domain\UserConfigs\CommandHandlers\RunWithSubjectContainerHandler.cs:line 53
   at GlazeWM.Infrastructure.Bussing.Bus.Invoke[T](T command) in C:\Users\larsb\repos\GlazeWM\GlazeWM.Infrastructure\Bussing\Bus.cs:line 48
   at GlazeWM.Domain.UserConfigs.CommandHandlers.RegisterKeybindingsHandler.<>c__DisplayClass4_0.<Handle>b__1() in C:\Users\larsb\repos\GlazeWM\GlazeWM.Domain\UserConfigs\CommandHandlers\RegisterKeybindingsHandler.cs:line 55
Command history: HandleFatalExceptionCommand, EvaluateUserConfigCommand, ReloadUserConfigCommand, RunWithSubjectContainerCommand, SyncNativeFocusCommand, RedrawContainersCommand, RunWithSubjectContainerCommand, ResizeWindowBordersCommand, RunWithSubjectContainerCommand, RunWithSubjectContainerCommand, ResizeWindowBordersCommand, RunWithSubjectContainerCommand, UpdateWorkspacesFromConfigCommand, RegisterKeybindingsCommand, EvaluateUserConfigCommand 
State dump: {"id":"3bf1d02f-1536-4f4a-a689-24284480e0a8","x":0,"y":0,"width":0,"height":0,"type":"root","focus_index":0,"children":[{"device_name":"\\\\.\\DISPLAY1","id":"1f809913-b342-4c99-966a-d6c556635c07","x":0,"y":0,"width":1920,"height":1042,"type":"monitor","focus_index":0,"children":[{"tiling_direction":"horizontal","size_percentage":1,"name":"1","id":"ec994d81-30fb-428c-b62e-3caee6aaac48","x":0,"y":0,"width":1920,"height":1017,"type":"workspace","focus_index":1,"children":[{"floating_placement":{"left":480,"top":0,"right":1440,"bottom":1017,"x":480,"y":0,"width":960,"height":1017},"border_delta":{"left":0,"top":0,"right":0,"bottom":0},"handle":264394,"size_percentage":0.5000000000000001,"id":"fcd47ba4-10ab-4d5f-b9de-008361215f7b","x":0,"y":0,"width":960,"height":1017,"type":"window","focus_index":0,"children":[]},{"floating_placement":{"left":480,"top":0,"right":1440,"bottom":1017,"x":480,"y":0,"width":960,"height":1017},"border_delta":{"left":7,"top":0,"right":7,"bottom":7},"handle":854190,"size_percentage":0.5000000000000001,"id":"472b2926-54fc-4fc4-924a-2b8be2855b13","x":960,"y":0,"width":960,"height":1017,"type":"window","focus_index":1,"children":[]}]},{"tiling_direction":"horizontal","size_percentage":1,"name":"2","id":"4469809a-156e-4b99-aa73-5bfa3dc65692","x":0,"y":0,"width":1920,"height":1017,"type":"workspace","focus_index":0,"children":[{"floating_placement":{"left":480,"top":0,"right":1440,"bottom":1017,"x":480,"y":0,"width":960,"height":1017},"border_delta":{"left":0,"top":0,"right":0,"bottom":0},"handle":198344,"size_percentage":0.5,"id":"770a13e9-9e61-4232-a949-78d84813943a","x":0,"y":0,"width":960,"height":1017,"type":"window","focus_index":0,"children":[]},{"floating_placement":{"left":480,"top":0,"right":1440,"bottom":1017,"x":480,"y":0,"width":960,"height":1017},"border_delta":{"left":7,"top":0,"right":7,"bottom":7},"handle":1639492,"size_percentage":0.5,"id":"8741fdec-1714-4b62-ae47-27146bfe969e","x":960,"y":0,"width":960,"height":1017,"type":"window","focus_index":1,"children":[]}]}]}]}

24-09-2023 02:55:04
GlazeWM.Infrastructure.Exceptions.FatalUserException: Failed to parse user config. Invalid value at property: '$.general.window_animations'.
   at GlazeWM.Domain.UserConfigs.CommandHandlers.EvaluateUserConfigHandler.DeserializeUserConfig(String userConfigPath) in C:\Users\larsb\repos\GlazeWM\GlazeWM.Domain\UserConfigs\CommandHandlers\EvaluateUserConfigHandler.cs:line 109
   at GlazeWM.Domain.UserConfigs.CommandHandlers.EvaluateUserConfigHandler.Handle(EvaluateUserConfigCommand command) in C:\Users\larsb\repos\GlazeWM\GlazeWM.Domain\UserConfigs\CommandHandlers\EvaluateUserConfigHandler.cs:line 49
   at GlazeWM.Infrastructure.Bussing.Bus.Invoke[T](T command) in C:\Users\larsb\repos\GlazeWM\GlazeWM.Infrastructure\Bussing\Bus.cs:line 48
   at GlazeWM.Domain.UserConfigs.CommandHandlers.ReloadUserConfigHandler.Handle(ReloadUserConfigCommand command) in C:\Users\larsb\repos\GlazeWM\GlazeWM.Domain\UserConfigs\CommandHandlers\ReloadUserConfigHandler.cs:line 35
   at GlazeWM.Infrastructure.Bussing.Bus.Invoke[T](T command) in C:\Users\larsb\repos\GlazeWM\GlazeWM.Infrastructure\Bussing\Bus.cs:line 48
   at CallSite.Target(Closure, CallSite, Bus, Object)
   at System.Dynamic.UpdateDelegates.UpdateAndExecuteVoid2[T0,T1](CallSite site, T0 arg0, T1 arg1)
   at GlazeWM.Domain.UserConfigs.CommandHandlers.RunWithSubjectContainerHandler.Handle(RunWithSubjectContainerCommand command) in C:\Users\larsb\repos\GlazeWM\GlazeWM.Domain\UserConfigs\CommandHandlers\RunWithSubjectContainerHandler.cs:line 28
   at GlazeWM.Infrastructure.Bussing.Bus.Invoke[T](T command) in C:\Users\larsb\repos\GlazeWM\GlazeWM.Infrastructure\Bussing\Bus.cs:line 48
   at GlazeWM.Domain.UserConfigs.CommandHandlers.RegisterKeybindingsHandler.<>c__DisplayClass4_0.<Handle>b__1() in C:\Users\larsb\repos\GlazeWM\GlazeWM.Domain\UserConfigs\CommandHandlers\RegisterKeybindingsHandler.cs:line 63
Command history: HandleFatalExceptionCommand, EvaluateUserConfigCommand, ReloadUserConfigCommand, RunWithSubjectContainerCommand, SetFocusedDescendantCommand, RedrawContainersCommand, ResizeWindowCommand, ResizeContainerCommand, ResizeWindowCommand, RedrawContainersCommand, ResizeWindowCommand, ResizeContainerCommand, ResizeWindowCommand, SetFocusedDescendantCommand, RedrawContainersCommand 
State dump: {"id":"08c930cb-7b32-4ce1-93fa-d9708384a9a7","x":0,"y":0,"width":0,"height":0,"type":"root","focus_index":0,"children":[{"device_name":"\\\\.\\DISPLAY1","id":"aacf3baa-3873-4764-a28a-dbe70ad63ac2","x":0,"y":0,"width":1920,"height":1042,"type":"monitor","focus_index":0,"children":[{"tiling_direction":"horizontal","size_percentage":1,"name":"1","id":"aa6c128d-2b73-4949-9c48-b7d7fce5fe22","x":0,"y":0,"width":1920,"height":1017,"type":"workspace","focus_index":1,"children":[{"floating_placement":{"left":480,"top":0,"right":1440,"bottom":1017,"x":480,"y":0,"width":960,"height":1017},"border_delta":{"left":7,"top":0,"right":7,"bottom":7},"handle":854190,"size_percentage":0.5000000000000001,"id":"ee116b59-2626-4f9f-918d-fe48ea636362","x":0,"y":0,"width":960,"height":1017,"type":"window","focus_index":0,"children":[]},{"floating_placement":{"left":480,"top":0,"right":1440,"bottom":1017,"x":480,"y":0,"width":960,"height":1017},"border_delta":{"left":0,"top":0,"right":0,"bottom":0},"handle":264394,"size_percentage":0.5000000000000001,"id":"ce963b5d-499f-4ec1-9b90-14a98c1c23f8","x":960,"y":0,"width":960,"height":1017,"type":"window","focus_index":1,"children":[]}]},{"tiling_direction":"horizontal","size_percentage":1,"name":"2","id":"7a0c2f33-2580-46b9-bf54-a85e46d85b56","x":0,"y":0,"width":1920,"height":1017,"type":"workspace","focus_index":0,"children":[{"floating_placement":{"left":480,"top":0,"right":1440,"bottom":1017,"x":480,"y":0,"width":960,"height":1017},"border_delta":{"left":0,"top":0,"right":0,"bottom":0},"handle":198344,"size_percentage":0.5507853106896672,"id":"0e200119-fde5-404c-8ac4-f91ae9367bd3","x":0,"y":0,"width":1057,"height":1017,"type":"window","focus_index":0,"children":[]},{"floating_placement":{"left":480,"top":0,"right":1440,"bottom":1017,"x":480,"y":0,"width":960,"height":1017},"border_delta":{"left":7,"top":0,"right":7,"bottom":7},"handle":1639492,"size_percentage":0.44921468931033276,"id":"b5f4e5e7-1bf9-416e-891b-fc269ec900ae","x":1057,"y":0,"width":862,"height":1017,"type":"window","focus_index":1,"children":[]}]}]}]}

24-09-2023 02:56:19
GlazeWM.Infrastructure.Exceptions.FatalUserException: Failed to parse user config. Invalid value at property: '$.general.window_animations'.
   at GlazeWM.Domain.UserConfigs.CommandHandlers.EvaluateUserConfigHandler.DeserializeUserConfig(String userConfigPath) in C:\Users\larsb\repos\GlazeWM\GlazeWM.Domain\UserConfigs\CommandHandlers\EvaluateUserConfigHandler.cs:line 109
   at GlazeWM.Domain.UserConfigs.CommandHandlers.EvaluateUserConfigHandler.Handle(EvaluateUserConfigCommand command) in C:\Users\larsb\repos\GlazeWM\GlazeWM.Domain\UserConfigs\CommandHandlers\EvaluateUserConfigHandler.cs:line 49
   at GlazeWM.Infrastructure.Bussing.Bus.Invoke[T](T command) in C:\Users\larsb\repos\GlazeWM\GlazeWM.Infrastructure\Bussing\Bus.cs:line 48
   at GlazeWM.Domain.UserConfigs.CommandHandlers.ReloadUserConfigHandler.Handle(ReloadUserConfigCommand command) in C:\Users\larsb\repos\GlazeWM\GlazeWM.Domain\UserConfigs\CommandHandlers\ReloadUserConfigHandler.cs:line 35
   at GlazeWM.Infrastructure.Bussing.Bus.Invoke[T](T command) in C:\Users\larsb\repos\GlazeWM\GlazeWM.Infrastructure\Bussing\Bus.cs:line 48
   at CallSite.Target(Closure, CallSite, Bus, Object)
   at System.Dynamic.UpdateDelegates.UpdateAndExecuteVoid2[T0,T1](CallSite site, T0 arg0, T1 arg1)
   at GlazeWM.Domain.UserConfigs.CommandHandlers.RunWithSubjectContainerHandler.Handle(RunWithSubjectContainerCommand command) in C:\Users\larsb\repos\GlazeWM\GlazeWM.Domain\UserConfigs\CommandHandlers\RunWithSubjectContainerHandler.cs:line 53
   at GlazeWM.Infrastructure.Bussing.Bus.Invoke[T](T command) in C:\Users\larsb\repos\GlazeWM\GlazeWM.Infrastructure\Bussing\Bus.cs:line 48
   at GlazeWM.Domain.UserConfigs.CommandHandlers.RegisterKeybindingsHandler.<>c__DisplayClass4_0.<Handle>b__1() in C:\Users\larsb\repos\GlazeWM\GlazeWM.Domain\UserConfigs\CommandHandlers\RegisterKeybindingsHandler.cs:line 55
Command history: HandleFatalExceptionCommand, EvaluateUserConfigCommand, ReloadUserConfigCommand, RunWithSubjectContainerCommand, SetFocusedDescendantCommand, SyncNativeFocusCommand, RedrawContainersCommand, SetFocusedDescendantCommand, FocusWorkspaceCommand, RunWithSubjectContainerCommand, SyncNativeFocusCommand, RedrawContainersCommand, SetFocusedDescendantCommand, FocusWorkspaceCommand, RunWithSubjectContainerCommand 
State dump: {"id":"605742e9-0fb4-4bae-8abb-524d3065a896","x":0,"y":0,"width":0,"height":0,"type":"root","focus_index":0,"children":[{"device_name":"\\\\.\\DISPLAY1","id":"6988b604-e3f0-4201-b2b1-7f3200ab2216","x":0,"y":0,"width":1920,"height":1042,"type":"monitor","focus_index":0,"children":[{"tiling_direction":"horizontal","size_percentage":1,"name":"1","id":"9c279969-98d8-4a78-acde-419d03f9549d","x":0,"y":0,"width":1920,"height":1017,"type":"workspace","focus_index":1,"children":[{"floating_placement":{"left":480,"top":0,"right":1440,"bottom":1017,"x":480,"y":0,"width":960,"height":1017},"border_delta":{"left":0,"top":0,"right":0,"bottom":0},"handle":264394,"previous_state":"tiling","id":"4d04b26e-4570-4fa5-b8cc-8648b1089d67","x":0,"y":0,"width":0,"height":0,"type":"window","focus_index":1,"children":[]},{"floating_placement":{"left":480,"top":0,"right":1440,"bottom":1017,"x":480,"y":0,"width":960,"height":1017},"border_delta":{"left":7,"top":0,"right":7,"bottom":7},"handle":854190,"size_percentage":1,"id":"7a9fac52-580e-41a2-b233-d23bd0614839","x":0,"y":0,"width":1920,"height":1017,"type":"window","focus_index":0,"children":[]}]},{"tiling_direction":"horizontal","size_percentage":1,"name":"2","id":"57960f18-ee6b-4c59-a0ed-c62373a0504f","x":0,"y":0,"width":1920,"height":1017,"type":"workspace","focus_index":0,"children":[{"floating_placement":{"left":432,"top":0,"right":1489,"bottom":1017,"x":432,"y":0,"width":1057,"height":1017},"border_delta":{"left":0,"top":0,"right":0,"bottom":0},"handle":198344,"size_percentage":0.5,"id":"1f56899b-93bd-4f41-83ef-1d85bb0fddd5","x":0,"y":0,"width":960,"height":1017,"type":"window","focus_index":0,"children":[]},{"floating_placement":{"left":529,"top":0,"right":1391,"bottom":1017,"x":529,"y":0,"width":862,"height":1017},"border_delta":{"left":7,"top":0,"right":7,"bottom":7},"handle":1639492,"size_percentage":0.5,"id":"effeb117-0cc9-45ef-814f-2066d2cfd963","x":960,"y":0,"width":960,"height":1017,"type":"window","focus_index":1,"children":[]}]}]}]}

24-09-2023 02:58:49
GlazeWM.Infrastructure.Exceptions.FatalUserException: Failed to parse user config. Invalid command 'focus workspace 0'.
   at GlazeWM.Domain.UserConfigs.CommandHandlers.EvaluateUserConfigHandler.ValidateDeserializedConfig(UserConfig deserializedConfig) in C:\Users\larsb\repos\GlazeWM\GlazeWM.Domain\UserConfigs\CommandHandlers\EvaluateUserConfigHandler.cs:line 209
   at GlazeWM.Domain.UserConfigs.CommandHandlers.EvaluateUserConfigHandler.Handle(EvaluateUserConfigCommand command) in C:\Users\larsb\repos\GlazeWM\GlazeWM.Domain\UserConfigs\CommandHandlers\EvaluateUserConfigHandler.cs:line 58
   at GlazeWM.Infrastructure.Bussing.Bus.Invoke[T](T command) in C:\Users\larsb\repos\GlazeWM\GlazeWM.Infrastructure\Bussing\Bus.cs:line 48
   at GlazeWM.Domain.UserConfigs.CommandHandlers.ReloadUserConfigHandler.Handle(ReloadUserConfigCommand command) in C:\Users\larsb\repos\GlazeWM\GlazeWM.Domain\UserConfigs\CommandHandlers\ReloadUserConfigHandler.cs:line 35
   at GlazeWM.Infrastructure.Bussing.Bus.Invoke[T](T command) in C:\Users\larsb\repos\GlazeWM\GlazeWM.Infrastructure\Bussing\Bus.cs:line 48
   at CallSite.Target(Closure, CallSite, Bus, Object)
   at System.Dynamic.UpdateDelegates.UpdateAndExecuteVoid2[T0,T1](CallSite site, T0 arg0, T1 arg1)
   at GlazeWM.Domain.UserConfigs.CommandHandlers.RunWithSubjectContainerHandler.Handle(RunWithSubjectContainerCommand command) in C:\Users\larsb\repos\GlazeWM\GlazeWM.Domain\UserConfigs\CommandHandlers\RunWithSubjectContainerHandler.cs:line 53
   at GlazeWM.Infrastructure.Bussing.Bus.Invoke[T](T command) in C:\Users\larsb\repos\GlazeWM\GlazeWM.Infrastructure\Bussing\Bus.cs:line 48
   at GlazeWM.Domain.UserConfigs.CommandHandlers.RegisterKeybindingsHandler.<>c__DisplayClass4_0.<Handle>b__1() in C:\Users\larsb\repos\GlazeWM\GlazeWM.Domain\UserConfigs\CommandHandlers\RegisterKeybindingsHandler.cs:line 55
Command history: HandleFatalExceptionCommand, EvaluateUserConfigCommand, ReloadUserConfigCommand, RunWithSubjectContainerCommand, SetFocusedDescendantCommand, SetFocusedDescendantCommand, SyncNativeFocusCommand, RedrawContainersCommand, RunWithSubjectContainerCommand, ResizeWindowBordersCommand, RunWithSubjectContainerCommand, RunWithSubjectContainerCommand, UpdateWorkspacesFromConfigCommand, RegisterKeybindingsCommand, EvaluateUserConfigCommand 
State dump: {"id":"b90f37e7-9e5b-4dc8-a630-f87312b2955e","x":0,"y":0,"width":0,"height":0,"type":"root","focus_index":0,"children":[{"device_name":"\\\\.\\DISPLAY1","id":"c67a9511-f409-4be7-8e4f-fa2e8d55617e","x":0,"y":0,"width":1920,"height":1042,"type":"monitor","focus_index":0,"children":[{"tiling_direction":"horizontal","size_percentage":1,"name":"1","id":"234b264c-711b-43fd-b7c5-b2dff9c282f4","x":0,"y":0,"width":1920,"height":1017,"type":"workspace","focus_index":1,"children":[{"floating_placement":{"left":0,"top":0,"right":1920,"bottom":1017,"x":0,"y":0,"width":1920,"height":1017},"border_delta":{"left":7,"top":0,"right":7,"bottom":7},"handle":854190,"size_percentage":1,"id":"795117d9-f9d1-44b5-ad43-511df2567db5","x":0,"y":0,"width":1920,"height":1017,"type":"window","focus_index":0,"children":[]}]},{"tiling_direction":"horizontal","size_percentage":1,"name":"2","id":"814f0d50-3069-4702-9730-22e8a0b87def","x":0,"y":0,"width":1920,"height":1017,"type":"workspace","focus_index":0,"children":[{"floating_placement":{"left":480,"top":0,"right":1440,"bottom":1017,"x":480,"y":0,"width":960,"height":1017},"border_delta":{"left":0,"top":0,"right":0,"bottom":0},"handle":198344,"size_percentage":0.5,"id":"f0885b76-85bf-458f-a93b-079a8186155f","x":0,"y":0,"width":960,"height":1017,"type":"window","focus_index":0,"children":[]},{"floating_placement":{"left":480,"top":0,"right":1440,"bottom":1017,"x":480,"y":0,"width":960,"height":1017},"border_delta":{"left":7,"top":0,"right":7,"bottom":7},"handle":1639492,"size_percentage":0.5,"id":"36c11e44-f39d-4478-88b7-050373544140","x":960,"y":0,"width":960,"height":1017,"type":"window","focus_index":1,"children":[]}]}]}]}

24-09-2023 02:59:03
GlazeWM.Infrastructure.Exceptions.FatalUserException: Failed to parse user config. Invalid command 'focus workspace 10'.
   at GlazeWM.Domain.UserConfigs.CommandHandlers.EvaluateUserConfigHandler.ValidateDeserializedConfig(UserConfig deserializedConfig) in C:\Users\larsb\repos\GlazeWM\GlazeWM.Domain\UserConfigs\CommandHandlers\EvaluateUserConfigHandler.cs:line 209
   at GlazeWM.Domain.UserConfigs.CommandHandlers.EvaluateUserConfigHandler.Handle(EvaluateUserConfigCommand command) in C:\Users\larsb\repos\GlazeWM\GlazeWM.Domain\UserConfigs\CommandHandlers\EvaluateUserConfigHandler.cs:line 58
   at GlazeWM.Infrastructure.Bussing.Bus.Invoke[T](T command) in C:\Users\larsb\repos\GlazeWM\GlazeWM.Infrastructure\Bussing\Bus.cs:line 41
   at GlazeWM.Domain.Common.CommandHandlers.PopulateInitialStateHandler.Handle(PopulateInitialStateCommand command) in C:\Users\larsb\repos\GlazeWM\GlazeWM.Domain\Common\CommandHandlers\PopulateInitialStateHandler.cs:line 41
   at GlazeWM.Infrastructure.Bussing.Bus.Invoke[T](T command) in C:\Users\larsb\repos\GlazeWM\GlazeWM.Infrastructure\Bussing\Bus.cs:line 41
   at GlazeWM.App.WindowManager.WmStartup.Run()
Command history: HandleFatalExceptionCommand, EvaluateUserConfigCommand, PopulateInitialStateCommand 
State dump: {"id":"8172dd6b-78f4-4162-8c8f-cbc8b07b4404","x":0,"y":0,"width":0,"height":0,"type":"root","focus_index":0,"children":[]}

24-09-2023 03:00:58
GlazeWM.Infrastructure.Exceptions.FatalUserException: Failed to parse user config. Invalid command 'focus workspace 10'.
   at GlazeWM.Domain.UserConfigs.CommandHandlers.EvaluateUserConfigHandler.ValidateDeserializedConfig(UserConfig deserializedConfig) in C:\Users\larsb\repos\GlazeWM\GlazeWM.Domain\UserConfigs\CommandHandlers\EvaluateUserConfigHandler.cs:line 209
   at GlazeWM.Domain.UserConfigs.CommandHandlers.EvaluateUserConfigHandler.Handle(EvaluateUserConfigCommand command) in C:\Users\larsb\repos\GlazeWM\GlazeWM.Domain\UserConfigs\CommandHandlers\EvaluateUserConfigHandler.cs:line 58
   at GlazeWM.Infrastructure.Bussing.Bus.Invoke[T](T command) in C:\Users\larsb\repos\GlazeWM\GlazeWM.Infrastructure\Bussing\Bus.cs:line 48
   at GlazeWM.Domain.UserConfigs.CommandHandlers.ReloadUserConfigHandler.Handle(ReloadUserConfigCommand command) in C:\Users\larsb\repos\GlazeWM\GlazeWM.Domain\UserConfigs\CommandHandlers\ReloadUserConfigHandler.cs:line 35
   at GlazeWM.Infrastructure.Bussing.Bus.Invoke[T](T command) in C:\Users\larsb\repos\GlazeWM\GlazeWM.Infrastructure\Bussing\Bus.cs:line 48
   at CallSite.Target(Closure, CallSite, Bus, Object)
   at System.Dynamic.UpdateDelegates.UpdateAndExecuteVoid2[T0,T1](CallSite site, T0 arg0, T1 arg1)
   at GlazeWM.Domain.UserConfigs.CommandHandlers.RunWithSubjectContainerHandler.Handle(RunWithSubjectContainerCommand command) in C:\Users\larsb\repos\GlazeWM\GlazeWM.Domain\UserConfigs\CommandHandlers\RunWithSubjectContainerHandler.cs:line 53
   at GlazeWM.Infrastructure.Bussing.Bus.Invoke[T](T command) in C:\Users\larsb\repos\GlazeWM\GlazeWM.Infrastructure\Bussing\Bus.cs:line 48
   at GlazeWM.Domain.UserConfigs.CommandHandlers.RegisterKeybindingsHandler.<>c__DisplayClass4_0.<Handle>b__1() in C:\Users\larsb\repos\GlazeWM\GlazeWM.Domain\UserConfigs\CommandHandlers\RegisterKeybindingsHandler.cs:line 55
Command history: HandleFatalExceptionCommand, EvaluateUserConfigCommand, ReloadUserConfigCommand, RunWithSubjectContainerCommand, SetFocusedDescendantCommand, SyncNativeFocusCommand, RedrawContainersCommand, SetFocusedDescendantCommand, FocusWorkspaceCommand, SetFocusedDescendantCommand, SetFocusedDescendantCommand, SetFocusedDescendantCommand, ResizeContainerCommand, AttachContainerCommand, AttachAndResizeContainerCommand 
State dump: {"id":"de108531-51d1-4f67-b831-520804d302a2","x":0,"y":0,"width":0,"height":0,"type":"root","focus_index":0,"children":[{"device_name":"\\\\.\\DISPLAY1","id":"cfe50615-d1b7-48f8-b765-75449cda4f89","x":0,"y":0,"width":1920,"height":1042,"type":"monitor","focus_index":0,"children":[{"tiling_direction":"horizontal","size_percentage":1,"name":"1","id":"373ee024-eb74-4339-ad31-5b7578bb8673","x":0,"y":0,"width":1920,"height":1017,"type":"workspace","focus_index":1,"children":[{"floating_placement":{"left":0,"top":0,"right":1920,"bottom":1017,"x":0,"y":0,"width":1920,"height":1017},"border_delta":{"left":7,"top":0,"right":7,"bottom":7},"handle":854190,"size_percentage":1,"id":"85a0b8ee-ff47-4be9-a7e4-7b715eb59ddc","x":0,"y":0,"width":1920,"height":1017,"type":"window","focus_index":0,"children":[]}]},{"tiling_direction":"horizontal","size_percentage":1,"name":"2","id":"be81a8d2-3844-4832-b9bc-b6c8f34559d3","x":0,"y":0,"width":1920,"height":1017,"type":"workspace","focus_index":0,"children":[{"floating_placement":{"left":480,"top":0,"right":1440,"bottom":1017,"x":480,"y":0,"width":960,"height":1017},"border_delta":{"left":0,"top":0,"right":0,"bottom":0},"handle":198344,"size_percentage":0.5,"id":"cc4128ed-36ee-473e-ab0c-52f0a9623dba","x":0,"y":0,"width":960,"height":1017,"type":"window","focus_index":0,"children":[]},{"floating_placement":{"left":480,"top":0,"right":1440,"bottom":1017,"x":480,"y":0,"width":960,"height":1017},"border_delta":{"left":7,"top":0,"right":7,"bottom":7},"handle":1639492,"size_percentage":0.5,"id":"300aee13-c9a8-44b6-8684-11bec0fa4b1a","x":960,"y":0,"width":960,"height":1017,"type":"window","focus_index":1,"children":[]}]}]}]}

04-10-2023 20:07:21
GlazeWM.Infrastructure.Exceptions.FatalUserException: Failed to parse user config. (Line: 132, Col: 57, Idx: 3881) - (Line: 132, Col: 58, Idx: 3882): While parsing a block mapping, did not find expected key.
   at GlazeWM.Domain.UserConfigs.CommandHandlers.EvaluateUserConfigHandler.DeserializeUserConfig(String userConfigPath) in C:\Users\larsb\repos\GlazeWM\GlazeWM.Domain\UserConfigs\CommandHandlers\EvaluateUserConfigHandler.cs:line 109
   at GlazeWM.Domain.UserConfigs.CommandHandlers.EvaluateUserConfigHandler.Handle(EvaluateUserConfigCommand command) in C:\Users\larsb\repos\GlazeWM\GlazeWM.Domain\UserConfigs\CommandHandlers\EvaluateUserConfigHandler.cs:line 49
   at GlazeWM.Infrastructure.Bussing.Bus.Invoke[T](T command) in C:\Users\larsb\repos\GlazeWM\GlazeWM.Infrastructure\Bussing\Bus.cs:line 48
   at GlazeWM.Domain.UserConfigs.CommandHandlers.ReloadUserConfigHandler.Handle(ReloadUserConfigCommand command) in C:\Users\larsb\repos\GlazeWM\GlazeWM.Domain\UserConfigs\CommandHandlers\ReloadUserConfigHandler.cs:line 35
   at GlazeWM.Infrastructure.Bussing.Bus.Invoke[T](T command) in C:\Users\larsb\repos\GlazeWM\GlazeWM.Infrastructure\Bussing\Bus.cs:line 48
   at CallSite.Target(Closure, CallSite, Bus, Object)
   at System.Dynamic.UpdateDelegates.UpdateAndExecuteVoid2[T0,T1](CallSite site, T0 arg0, T1 arg1)
   at GlazeWM.Domain.UserConfigs.CommandHandlers.RunWithSubjectContainerHandler.Handle(RunWithSubjectContainerCommand command) in C:\Users\larsb\repos\GlazeWM\GlazeWM.Domain\UserConfigs\CommandHandlers\RunWithSubjectContainerHandler.cs:line 28
   at GlazeWM.Infrastructure.Bussing.Bus.Invoke[T](T command) in C:\Users\larsb\repos\GlazeWM\GlazeWM.Infrastructure\Bussing\Bus.cs:line 48
   at GlazeWM.Domain.UserConfigs.CommandHandlers.RegisterKeybindingsHandler.<>c__DisplayClass4_0.<Handle>b__1() in C:\Users\larsb\repos\GlazeWM\GlazeWM.Domain\UserConfigs\CommandHandlers\RegisterKeybindingsHandler.cs:line 63
Command history: HandleFatalExceptionCommand, EvaluateUserConfigCommand, ReloadUserConfigCommand, RunWithSubjectContainerCommand, SyncNativeFocusCommand, RedrawContainersCommand, SetFocusedDescendantCommand, DetachContainerCommand, DetachAndResizeContainerCommand, UnmanageWindowCommand, SyncNativeFocusCommand, RedrawContainersCommand, CloseWindowCommand, RunWithSubjectContainerCommand, SyncNativeFocusCommand 
State dump: {"id":"4eb66302-844d-4ddb-9739-1529f2f36fed","x":0,"y":0,"width":0,"height":0,"type":"root","focus_index":0,"children":[{"device_name":"\\\\.\\DISPLAY1","id":"b09c40f5-e658-4693-a3d6-14889aa92215","x":0,"y":0,"width":1920,"height":1042,"type":"monitor","focus_index":0,"children":[{"tiling_direction":"horizontal","size_percentage":1,"name":"1","id":"328145d4-18f0-4efb-bdd6-ed0330f3178e","x":0,"y":0,"width":1920,"height":1017,"type":"workspace","focus_index":1,"children":[{"tiling_direction":"vertical","size_percentage":0.4990512548102375,"id":"5eb4f14a-7f7f-48ca-a2b3-d34b7aa27243","x":0,"y":0,"width":958,"height":1017,"type":"split","focus_index":0,"children":[{"floating_placement":{"left":-7,"top":-4,"right":1927,"bottom":1020,"x":-7,"y":-4,"width":1934,"height":1024},"border_delta":{"left":7,"top":0,"right":7,"bottom":7},"handle":132122,"size_percentage":0.7002626242445955,"id":"9fe6c72a-48df-463f-a0dd-0a3c7fa48d41","x":0,"y":0,"width":958,"height":712,"type":"window","focus_index":0,"children":[]},{"floating_placement":{"left":491,"top":258,"right":1430,"bottom":758,"x":491,"y":258,"width":939,"height":500},"border_delta":{"left":7,"top":0,"right":7,"bottom":7},"handle":394712,"size_percentage":0.29973737575540454,"id":"87e638a7-79e3-4ec9-a399-997eab187555","x":0,"y":712,"width":958,"height":304,"type":"window","focus_index":1,"children":[]}]},{"floating_placement":{"left":473,"top":-4,"right":1448,"bottom":1021,"x":473,"y":-4,"width":975,"height":1025},"border_delta":{"left":7,"top":0,"right":7,"bottom":7},"handle":1049908,"size_percentage":0.5009487451897624,"id":"99b5092c-f2fe-4775-b0ca-7f4c359ac1c8","x":958,"y":0,"width":961,"height":1017,"type":"window","focus_index":1,"children":[]}]},{"tiling_direction":"horizontal","size_percentage":1,"name":"10","id":"895c12d8-1b42-402c-be75-80c30aa1422a","x":0,"y":0,"width":1920,"height":1017,"type":"workspace","focus_index":2,"children":[{"floating_placement":{"left":0,"top":-1,"right":1920,"bottom":1017,"x":0,"y":-1,"width":1920,"height":1018},"border_delta":{"left":0,"top":0,"right":0,"bottom":0},"handle":787898,"size_percentage":1,"id":"80cf97c1-0576-4cd3-83e6-41c5839064d7","x":0,"y":0,"width":1920,"height":1017,"type":"window","focus_index":0,"children":[]}]},{"tiling_direction":"horizontal","size_percentage":1,"name":"2","id":"7124ad5b-0053-47bf-8757-331c82ce4275","x":0,"y":0,"width":1920,"height":1017,"type":"workspace","focus_index":0,"children":[]}]}]}

04-10-2023 20:07:33
GlazeWM.Infrastructure.Exceptions.FatalUserException: Failed to parse user config. (Line: 132, Col: 57, Idx: 3881) - (Line: 132, Col: 58, Idx: 3882): While parsing a block mapping, did not find expected key.
   at GlazeWM.Domain.UserConfigs.CommandHandlers.EvaluateUserConfigHandler.DeserializeUserConfig(String userConfigPath) in C:\Users\larsb\repos\GlazeWM\GlazeWM.Domain\UserConfigs\CommandHandlers\EvaluateUserConfigHandler.cs:line 109
   at GlazeWM.Domain.UserConfigs.CommandHandlers.EvaluateUserConfigHandler.Handle(EvaluateUserConfigCommand command) in C:\Users\larsb\repos\GlazeWM\GlazeWM.Domain\UserConfigs\CommandHandlers\EvaluateUserConfigHandler.cs:line 49
   at GlazeWM.Infrastructure.Bussing.Bus.Invoke[T](T command) in C:\Users\larsb\repos\GlazeWM\GlazeWM.Infrastructure\Bussing\Bus.cs:line 41
   at GlazeWM.Domain.Common.CommandHandlers.PopulateInitialStateHandler.Handle(PopulateInitialStateCommand command) in C:\Users\larsb\repos\GlazeWM\GlazeWM.Domain\Common\CommandHandlers\PopulateInitialStateHandler.cs:line 41
   at GlazeWM.Infrastructure.Bussing.Bus.Invoke[T](T command) in C:\Users\larsb\repos\GlazeWM\GlazeWM.Infrastructure\Bussing\Bus.cs:line 41
   at GlazeWM.App.WindowManager.WmStartup.Run()
Command history: HandleFatalExceptionCommand, EvaluateUserConfigCommand, PopulateInitialStateCommand 
State dump: {"id":"fa76512f-65cf-4051-9b53-32ebd67a9c34","x":0,"y":0,"width":0,"height":0,"type":"root","focus_index":0,"children":[]}

